Unity Editor version:    2020.3.27f1 (e759542391ea)
Branch:                  2020.3/release
Build type:              Release
Batch mode:              YES
macOS version:           Version 11.6 (Build 20G165)
Darwin version:          20.6.0
Architecture:            x86_64
Running under Rosetta:   NO
Available memory:        8192 MB
Using pre-set license
Pro License: NO

COMMAND LINE ARGUMENTS:
/Applications/2020.3.27f1/Unity.app/Contents/MacOS/Unity
-adb2
-batchMode
-noUpm
-name
AssetImportWorker0
-projectPath
/Users/game1/Desktop/Ruby 2d
-logFile
Logs/AssetImportWorker0.log
-srvPort
49354
Successfully changed project path to: /Users/game1/Desktop/Ruby 2d
/Users/game1/Desktop/Ruby 2d
Using Asset Import Pipeline V2.
Refreshing native plugins compatible for Editor in 33.94 ms, found 2 plugins.
Preloading 0 native plugins for Editor in 0.00 ms.
Initialize engine version: 2020.3.27f1 (e759542391ea)
[Subsystems] Discovering subsystems at path /Applications/2020.3.27f1/Unity.app/Contents/Resources/UnitySubsystems
[Subsystems] Discovering subsystems at path /Users/game1/Desktop/Ruby 2d/Assets
GfxDevice: creating device client; threaded=0
2024-01-03 15:03:29.653 Unity[982:14544] iMac preferred device: AMD Radeon Pro 5300 (high power)
2024-01-03 15:03:29.654 Unity[982:14544] Metal devices available: 1
2024-01-03 15:03:29.654 Unity[982:14544] 0: AMD Radeon Pro 5300 (high power)
2024-01-03 15:03:29.654 Unity[982:14544] Using device AMD Radeon Pro 5300 (high power)
Initializing Metal device caps: AMD Radeon Pro 5300
Initialize mono
Mono path[0] = '/Applications/2020.3.27f1/Unity.app/Contents/Managed'
Mono path[1] = '/Applications/2020.3.27f1/Unity.app/Contents/MonoBleedingEdge/lib/mono/unityjit'
Mono config path = '/Applications/2020.3.27f1/Unity.app/Contents/MonoBleedingEdge/etc'
Using monoOptions --debugger-agent=transport=dt_socket,embedding=1,server=y,suspend=n,address=127.0.0.1:56982
Begin MonoManager ReloadAssembly
Registering precompiled unity dll's ...
Register platform support module: /Applications/2020.3.27f1/Unity.app/Contents/PlaybackEngines/MacStandaloneSupport/UnityEditor.OSXStandalone.Extensions.dll
Registered in 0.001790 seconds.
Native extension for OSXStandalone target not found
Refreshing native plugins compatible for Editor in 28.91 ms, found 2 plugins.
Preloading 0 native plugins for Editor in 0.00 ms.
Mono: successfully reloaded assembly
- Completed reload, in  0.623 seconds
Domain Reload Profiling:
	ReloadAssembly (624ms)
		BeginReloadAssembly (81ms)
			ExecutionOrderSort (0ms)
			DisableScriptedObjects (0ms)
			BackupInstance (0ms)
			ReleaseScriptingObjects (0ms)
			CreateAndSetChildDomain (1ms)
		EndReloadAssembly (467ms)
			LoadAssemblies (81ms)
			RebuildTransferFunctionScriptingTraits (0ms)
			SetupTypeCache (176ms)
			ReleaseScriptCaches (0ms)
			RebuildScriptCaches (37ms)
			SetupLoadedEditorAssemblies (170ms)
				LogAssemblyErrors (0ms)
				InitializePlatformSupportModulesInManaged (4ms)
				SetLoadedEditorAssemblies (0ms)
				RefreshPlugins (29ms)
				BeforeProcessingInitializeOnLoad (8ms)
				ProcessInitializeOnLoadAttributes (100ms)
				ProcessInitializeOnLoadMethodAttributes (29ms)
				AfterProcessingInitializeOnLoad (0ms)
				EditorAssembliesLoaded (0ms)
			ExecutionOrderSort2 (0ms)
			AwakeInstancesAfterBackupRestoration (0ms)
Platform modules already initialized, skipping
Registering precompiled user dll's ...
Registered in 0.006553 seconds.
Begin MonoManager ReloadAssembly
Native extension for OSXStandalone target not found
Refreshing native plugins compatible for Editor in 0.33 ms, found 2 plugins.
Preloading 0 native plugins for Editor in 0.00 ms.
Mono: successfully reloaded assembly
- Completed reload, in  1.037 seconds
Domain Reload Profiling:
	ReloadAssembly (1038ms)
		BeginReloadAssembly (152ms)
			ExecutionOrderSort (0ms)
			DisableScriptedObjects (5ms)
			BackupInstance (0ms)
			ReleaseScriptingObjects (0ms)
			CreateAndSetChildDomain (28ms)
		EndReloadAssembly (824ms)
			LoadAssemblies (90ms)
			RebuildTransferFunctionScriptingTraits (0ms)
			SetupTypeCache (312ms)
			ReleaseScriptCaches (0ms)
			RebuildScriptCaches (50ms)
			SetupLoadedEditorAssemblies (268ms)
				LogAssemblyErrors (0ms)
				InitializePlatformSupportModulesInManaged (4ms)
				SetLoadedEditorAssemblies (0ms)
				RefreshPlugins (0ms)
				BeforeProcessingInitializeOnLoad (45ms)
				ProcessInitializeOnLoadAttributes (200ms)
				ProcessInitializeOnLoadMethodAttributes (17ms)
				AfterProcessingInitializeOnLoad (1ms)
				EditorAssembliesLoaded (0ms)
			ExecutionOrderSort2 (0ms)
			AwakeInstancesAfterBackupRestoration (6ms)
Platform modules already initialized, skipping
Validating Project structure ... 0.003702 seconds.
Shader import version has changed; will reimport all shaders...
Upgrading shader files ...0.003852 seconds.
Application.AssetDatabase Initial Script Refresh Start
RefreshInfo: InitialScriptRefreshV2(NoUpdateAssetOptions) scanfilter:  ... 1 filters
RefreshProfiler: Total: 0.000ms
Application.AssetDatabase Initial Script Refresh End
Application.AssetDatabase.Refresh Start
Application.AssetDatabase.Refresh End
RefreshInfo: StopAssetImportingV2(ForceSynchronousImport) scanfilter: 
RefreshProfiler: Total: 0.000ms
Launching external process: /Applications/2020.3.27f1/Unity.app/Contents/Tools/UnityShaderCompiler
Launched and connected shader compiler UnityShaderCompiler after 0.01 seconds
Initializing Unity extensions:
========================================================================
Worker process is ready to serve import requests
Refreshing native plugins compatible for Editor in 0.32 ms, found 2 plugins.
Preloading 0 native plugins for Editor in 0.00 ms.
Unloading 1592 Unused Serialized files (Serialized files now loaded: 0)
System memory in use before: 181.6 MB.
System memory in use after: 180.8 MB.

Unloading 90 unused Assets to reduce memory usage. Loaded Objects now: 2067.
Total: 2.866332 ms (FindLiveObjects: 0.145500 ms CreateObjectMapping: 0.049560 ms MarkObjects: 2.231921 ms  DeleteObjects: 0.438589 ms)

AssetImportParameters requested are different than current active one (requested -> active):
  custom:video-decoder-ogg-theora: a1e56fd34408186e4bbccfd4996cb3dc -> 
  custom:container-muxer-webm: aa71ff27fc2769a1b78a27578f13a17b -> 
  custom:container-demuxer-webm: 4f35f7cbe854078d1ac9338744f61a02 -> 
  custom:container-demuxer-ogg: 62fdf1f143b41e24485cea50d1cbac27 -> 
  custom:video-encoder-webm-vp8: eb34c28f22e8b96e1ab97ce403110664 -> 
  custom:framework-osx-AVFoundation: e770b220cccbd017edd2c1fefb359320 -> 
  custom:video-decoder-webm-vp8: 9c59270c3fd7afecdb556c50c9e8de78 -> 
  custom:audio-decoder-ogg-vorbis: bf7c407c2cedff20999df2af8eb42d56 -> 
  custom:audio-encoder-webm-vorbis: bf7c407c2cedff20999df2af8eb42d56 -> 
========================================================================
Received Import Request.
  path: Assets/Art/Animations/robot.controller
  artifactKey: Guid(c33f625f58df24cca94eaf53dd3c83a5) Importer(815301076,1909f56bfc062723c751e8b465ee728b)
Start importing Assets/Art/Animations/robot.controller using Guid(c33f625f58df24cca94eaf53dd3c83a5) Importer(815301076,1909f56bfc062723c751e8b465ee728b)  -> (artifact id: '4e45b961c5592edd86b6414baa0624c4') in 0.943273 seconds 
  Import took 0.949036 seconds .

========================================================================
Received Import Request.
  Time since last request: 8.180589 seconds.
  path: Assets/Art/Animations/AnimationClips/RobotLeft.anim
  artifactKey: Guid(e4f23405767f844aaa63f2a72c85dc93) Importer(815301076,1909f56bfc062723c751e8b465ee728b)
Start importing Assets/Art/Animations/AnimationClips/RobotLeft.anim using Guid(e4f23405767f844aaa63f2a72c85dc93) Importer(815301076,1909f56bfc062723c751e8b465ee728b)  -> (artifact id: 'fadeac4eafed4cafc618b5144420f900') in 0.261293 seconds 
  Import took 0.267399 seconds .

========================================================================
Received Import Request.
  Time since last request: 0.176260 seconds.
  path: Assets/Art/Animations/AnimationClips/RobotRight.anim
  artifactKey: Guid(24257bf6ea70c49f3a77e65a0dc3509e) Importer(815301076,1909f56bfc062723c751e8b465ee728b)
Start importing Assets/Art/Animations/AnimationClips/RobotRight.anim using Guid(24257bf6ea70c49f3a77e65a0dc3509e) Importer(815301076,1909f56bfc062723c751e8b465ee728b)  -> (artifact id: '6a56a2230e6ccc97b3fdf207ef15ea63') in 0.003518 seconds 
  Import took 0.006184 seconds .

========================================================================
Received Import Request.
  Time since last request: 94.506547 seconds.
  path: Assets/Art/Sprites/robot.png
  artifactKey: Guid(225d576e607f643d68a14cd3c34cb9dd) Importer(815301076,1909f56bfc062723c751e8b465ee728b)
Start importing Assets/Art/Sprites/robot.png using Guid(225d576e607f643d68a14cd3c34cb9dd) Importer(815301076,1909f56bfc062723c751e8b465ee728b)  -> (artifact id: 'fea8aff1042bf1d9274e3ed0335455bb') in 0.819571 seconds 
  Import took 0.825465 seconds .

========================================================================
Received Import Request.
  Time since last request: 169.812180 seconds.
  path: Assets/Scripts/EnemyController.cs
  artifactKey: Guid(9e017f944879e4b3c98cf9401a74e295) Importer(815301076,1909f56bfc062723c751e8b465ee728b)
Start importing Assets/Scripts/EnemyController.cs using Guid(9e017f944879e4b3c98cf9401a74e295) Importer(815301076,1909f56bfc062723c751e8b465ee728b)  -> (artifact id: '7803351ab8938d9a86a5c5263133a40b') in 0.294854 seconds 
  Import took 0.300420 seconds .

========================================================================
Received Prepare
Registering precompiled user dll's ...
Registered in 0.003502 seconds.
Begin MonoManager ReloadAssembly
Native extension for OSXStandalone target not found
Refreshing native plugins compatible for Editor in 0.32 ms, found 2 plugins.
Preloading 0 native plugins for Editor in 0.00 ms.
Mono: successfully reloaded assembly
- Completed reload, in  1.010 seconds
Domain Reload Profiling:
	ReloadAssembly (1011ms)
		BeginReloadAssembly (122ms)
			ExecutionOrderSort (0ms)
			DisableScriptedObjects (6ms)
			BackupInstance (0ms)
			ReleaseScriptingObjects (0ms)
			CreateAndSetChildDomain (60ms)
		EndReloadAssembly (829ms)
			LoadAssemblies (70ms)
			RebuildTransferFunctionScriptingTraits (0ms)
			SetupTypeCache (311ms)
			ReleaseScriptCaches (1ms)
			RebuildScriptCaches (44ms)
			SetupLoadedEditorAssemblies (293ms)
				LogAssemblyErrors (0ms)
				InitializePlatformSupportModulesInManaged (4ms)
				SetLoadedEditorAssemblies (0ms)
				RefreshPlugins (0ms)
				BeforeProcessingInitializeOnLoad (81ms)
				ProcessInitializeOnLoadAttributes (195ms)
				ProcessInitializeOnLoadMethodAttributes (11ms)
				AfterProcessingInitializeOnLoad (1ms)
				EditorAssembliesLoaded (0ms)
			ExecutionOrderSort2 (0ms)
			AwakeInstancesAfterBackupRestoration (7ms)
Platform modules already initialized, skipping
Refreshing native plugins compatible for Editor in 0.33 ms, found 2 plugins.
Preloading 0 native plugins for Editor in 0.00 ms.
Unloading 1585 Unused Serialized files (Serialized files now loaded: 0)
System memory in use before: 199.0 MB.
System memory in use after: 199.1 MB.

Unloading 15 unused Assets to reduce memory usage. Loaded Objects now: 2075.
Total: 2.294367 ms (FindLiveObjects: 0.125702 ms CreateObjectMapping: 0.045156 ms MarkObjects: 2.111646 ms  DeleteObjects: 0.011223 ms)

AssetImportParameters requested are different than current active one (requested -> active):
  custom:video-decoder-ogg-theora: a1e56fd34408186e4bbccfd4996cb3dc -> 
  custom:container-muxer-webm: aa71ff27fc2769a1b78a27578f13a17b -> 
  custom:container-demuxer-webm: 4f35f7cbe854078d1ac9338744f61a02 -> 
  custom:container-demuxer-ogg: 62fdf1f143b41e24485cea50d1cbac27 -> 
  custom:video-encoder-webm-vp8: eb34c28f22e8b96e1ab97ce403110664 -> 
  custom:framework-osx-AVFoundation: e770b220cccbd017edd2c1fefb359320 -> 
  custom:video-decoder-webm-vp8: 9c59270c3fd7afecdb556c50c9e8de78 -> 
  custom:audio-decoder-ogg-vorbis: bf7c407c2cedff20999df2af8eb42d56 -> 
  custom:audio-encoder-webm-vorbis: bf7c407c2cedff20999df2af8eb42d56 -> 
========================================================================
Received Import Request.
  Time since last request: 120.085820 seconds.
  path: Assets/Scripts/EnemyController.cs
  artifactKey: Guid(9e017f944879e4b3c98cf9401a74e295) Importer(815301076,1909f56bfc062723c751e8b465ee728b)
Start importing Assets/Scripts/EnemyController.cs using Guid(9e017f944879e4b3c98cf9401a74e295) Importer(815301076,1909f56bfc062723c751e8b465ee728b)  -> (artifact id: 'da8a9cd8d3867a88f30557788b43ab22') in 0.005494 seconds 
  Import took 0.008044 seconds .

========================================================================
Received Prepare
Registering precompiled user dll's ...
Registered in 0.001757 seconds.
Begin MonoManager ReloadAssembly
Native extension for OSXStandalone target not found
Refreshing native plugins compatible for Editor in 0.37 ms, found 2 plugins.
Preloading 0 native plugins for Editor in 0.00 ms.
Mono: successfully reloaded assembly
- Completed reload, in  1.000 seconds
Domain Reload Profiling:
	ReloadAssembly (1001ms)
		BeginReloadAssembly (108ms)
			ExecutionOrderSort (0ms)
			DisableScriptedObjects (6ms)
			BackupInstance (0ms)
			ReleaseScriptingObjects (0ms)
			CreateAndSetChildDomain (52ms)
		EndReloadAssembly (831ms)
			LoadAssemblies (67ms)
			RebuildTransferFunctionScriptingTraits (0ms)
			SetupTypeCache (309ms)
			ReleaseScriptCaches (1ms)
			RebuildScriptCaches (45ms)
			SetupLoadedEditorAssemblies (295ms)
				LogAssemblyErrors (0ms)
				InitializePlatformSupportModulesInManaged (4ms)
				SetLoadedEditorAssemblies (0ms)
				RefreshPlugins (0ms)
				BeforeProcessingInitializeOnLoad (84ms)
				ProcessInitializeOnLoadAttributes (193ms)
				ProcessInitializeOnLoadMethodAttributes (11ms)
				AfterProcessingInitializeOnLoad (1ms)
				EditorAssembliesLoaded (0ms)
			ExecutionOrderSort2 (0ms)
			AwakeInstancesAfterBackupRestoration (7ms)
Platform modules already initialized, skipping
Refreshing native plugins compatible for Editor in 0.33 ms, found 2 plugins.
Preloading 0 native plugins for Editor in 0.00 ms.
Unloading 1585 Unused Serialized files (Serialized files now loaded: 0)
System memory in use before: 199.2 MB.
System memory in use after: 199.3 MB.

Unloading 14 unused Assets to reduce memory usage. Loaded Objects now: 2077.
Total: 2.443244 ms (FindLiveObjects: 0.122093 ms CreateObjectMapping: 0.042100 ms MarkObjects: 2.250708 ms  DeleteObjects: 0.027607 ms)

AssetImportParameters requested are different than current active one (requested -> active):
  custom:video-decoder-ogg-theora: a1e56fd34408186e4bbccfd4996cb3dc -> 
  custom:container-muxer-webm: aa71ff27fc2769a1b78a27578f13a17b -> 
  custom:container-demuxer-webm: 4f35f7cbe854078d1ac9338744f61a02 -> 
  custom:container-demuxer-ogg: 62fdf1f143b41e24485cea50d1cbac27 -> 
  custom:video-encoder-webm-vp8: eb34c28f22e8b96e1ab97ce403110664 -> 
  custom:framework-osx-AVFoundation: e770b220cccbd017edd2c1fefb359320 -> 
  custom:video-decoder-webm-vp8: 9c59270c3fd7afecdb556c50c9e8de78 -> 
  custom:audio-decoder-ogg-vorbis: bf7c407c2cedff20999df2af8eb42d56 -> 
  custom:audio-encoder-webm-vorbis: bf7c407c2cedff20999df2af8eb42d56 -> 
========================================================================
Received Import Request.
  Time since last request: 207.322744 seconds.
  path: Assets/Prefabs/robot.prefab
  artifactKey: Guid(a5fc001152b6741ca970b3c90305a96a) Importer(815301076,1909f56bfc062723c751e8b465ee728b)
Start importing Assets/Prefabs/robot.prefab using Guid(a5fc001152b6741ca970b3c90305a96a) Importer(815301076,1909f56bfc062723c751e8b465ee728b) BlendTree "Blend Tree" in state "Blend Tree" in Controller "robot" uses parameter "Move X" which does not exist.
UnityEngine.StackTraceUtility:ExtractStackTrace () (at /Users/bokken/buildslave/unity/build/Runtime/Export/Scripting/StackTrace.cs:37)
UnityEditor.EditorUtility:Internal_InstantiateRemoveAllNonAnimationComponentsSingle (UnityEngine.Object,UnityEngine.Vector3,UnityEngine.Quaternion)
UnityEditor.EditorUtility:InstantiateRemoveAllNonAnimationComponents (UnityEngine.Object,UnityEngine.Vector3,UnityEngine.Quaternion) (at /Users/bokken/buildslave/unity/build/Editor/Mono/EditorUtility.cs:648)
UnityEditor.EditorUtility:InstantiateForAnimatorPreview (UnityEngine.Object) (at /Users/bokken/buildslave/unity/build/Editor/Mono/EditorUtility.cs:614)
UnityEditor.GameObjectInspector/PreviewData:UpdateGameObject (UnityEngine.Object) (at /Users/bokken/buildslave/unity/build/Editor/Mono/Inspector/GameObjectInspector.cs:98)
UnityEditor.GameObjectInspector/PreviewData:.ctor (UnityEngine.Object) (at /Users/bokken/buildslave/unity/build/Editor/Mono/Inspector/GameObjectInspector.cs:92)
UnityEditor.GameObjectInspector:GetPreviewData () (at /Users/bokken/buildslave/unity/build/Editor/Mono/Inspector/GameObjectInspector.cs:631)
UnityEditor.GameObjectInspector:RenderStaticPreview (string,UnityEngine.Object[],int,int) (at /Users/bokken/buildslave/unity/build/Editor/Mono/Inspector/GameObjectInspector.cs:841)
UnityEditor.AssetPreviewUpdater:CreatePreviewForAsset (UnityEngine.Object,UnityEngine.Object[],string) (at /Users/bokken/buildslave/unity/build/Editor/Mono/AssetPreviewUpdater.cs:33)

[/Users/bokken/buildslave/unity/build/Modules/Animation/AnimatorController.cpp line 975]

BlendTree "Blend Tree" in state "Blend Tree" in Controller "robot" uses parameter "Move Y" which does not exist.
UnityEngine.StackTraceUtility:ExtractStackTrace () (at /Users/bokken/buildslave/unity/build/Runtime/Export/Scripting/StackTrace.cs:37)
UnityEditor.EditorUtility:Internal_InstantiateRemoveAllNonAnimationComponentsSingle (UnityEngine.Object,UnityEngine.Vector3,UnityEngine.Quaternion)
UnityEditor.EditorUtility:InstantiateRemoveAllNonAnimationComponents (UnityEngine.Object,UnityEngine.Vector3,UnityEngine.Quaternion) (at /Users/bokken/buildslave/unity/build/Editor/Mono/EditorUtility.cs:648)
UnityEditor.EditorUtility:InstantiateForAnimatorPreview (UnityEngine.Object) (at /Users/bokken/buildslave/unity/build/Editor/Mono/EditorUtility.cs:614)
UnityEditor.GameObjectInspector/PreviewData:UpdateGameObject (UnityEngine.Object) (at /Users/bokken/buildslave/unity/build/Editor/Mono/Inspector/GameObjectInspector.cs:98)
UnityEditor.GameObjectInspector/PreviewData:.ctor (UnityEngine.Object) (at /Users/bokken/buildslave/unity/build/Editor/Mono/Inspector/GameObjectInspector.cs:92)
UnityEditor.GameObjectInspector:GetPreviewData () (at /Users/bokken/buildslave/unity/build/Editor/Mono/Inspector/GameObjectInspector.cs:631)
UnityEditor.GameObjectInspector:RenderStaticPreview (string,UnityEngine.Object[],int,int) (at /Users/bokken/buildslave/unity/build/Editor/Mono/Inspector/GameObjectInspector.cs:841)
UnityEditor.AssetPreviewUpdater:CreatePreviewForAsset (UnityEngine.Object,UnityEngine.Object[],string) (at /Users/bokken/buildslave/unity/build/Editor/Mono/AssetPreviewUpdater.cs:33)

[/Users/bokken/buildslave/unity/build/Modules/Animation/AnimatorController.cpp line 975]

 -> (artifact id: '537f3865fedbc47cfa92661084363d84') in 0.179316 seconds 
  Import took 0.185262 seconds .

========================================================================
Received Prepare
Registering precompiled user dll's ...
Registered in 0.001632 seconds.
Begin MonoManager ReloadAssembly
Native extension for OSXStandalone target not found
Refreshing native plugins compatible for Editor in 0.33 ms, found 2 plugins.
Preloading 0 native plugins for Editor in 0.00 ms.
Mono: successfully reloaded assembly
- Completed reload, in  0.985 seconds
Domain Reload Profiling:
	ReloadAssembly (985ms)
		BeginReloadAssembly (110ms)
			ExecutionOrderSort (0ms)
			DisableScriptedObjects (6ms)
			BackupInstance (0ms)
			ReleaseScriptingObjects (0ms)
			CreateAndSetChildDomain (53ms)
		EndReloadAssembly (816ms)
			LoadAssemblies (67ms)
			RebuildTransferFunctionScriptingTraits (0ms)
			SetupTypeCache (302ms)
			ReleaseScriptCaches (1ms)
			RebuildScriptCaches (45ms)
			SetupLoadedEditorAssemblies (290ms)
				LogAssemblyErrors (0ms)
				InitializePlatformSupportModulesInManaged (4ms)
				SetLoadedEditorAssemblies (0ms)
				RefreshPlugins (0ms)
				BeforeProcessingInitializeOnLoad (83ms)
				ProcessInitializeOnLoadAttributes (191ms)
				ProcessInitializeOnLoadMethodAttributes (11ms)
				AfterProcessingInitializeOnLoad (1ms)
				EditorAssembliesLoaded (0ms)
			ExecutionOrderSort2 (0ms)
			AwakeInstancesAfterBackupRestoration (7ms)
Platform modules already initialized, skipping
Refreshing native plugins compatible for Editor in 0.32 ms, found 2 plugins.
Preloading 0 native plugins for Editor in 0.00 ms.
Unloading 1585 Unused Serialized files (Serialized files now loaded: 0)
System memory in use before: 203.7 MB.
System memory in use after: 203.9 MB.

Unloading 14 unused Assets to reduce memory usage. Loaded Objects now: 2083.
Total: 2.329843 ms (FindLiveObjects: 0.129961 ms CreateObjectMapping: 0.037698 ms MarkObjects: 2.134096 ms  DeleteObjects: 0.027385 ms)

AssetImportParameters requested are different than current active one (requested -> active):
  custom:video-decoder-ogg-theora: a1e56fd34408186e4bbccfd4996cb3dc -> 
  custom:container-muxer-webm: aa71ff27fc2769a1b78a27578f13a17b -> 
  custom:container-demuxer-webm: 4f35f7cbe854078d1ac9338744f61a02 -> 
  custom:container-demuxer-ogg: 62fdf1f143b41e24485cea50d1cbac27 -> 
  custom:video-encoder-webm-vp8: eb34c28f22e8b96e1ab97ce403110664 -> 
  custom:framework-osx-AVFoundation: e770b220cccbd017edd2c1fefb359320 -> 
  custom:video-decoder-webm-vp8: 9c59270c3fd7afecdb556c50c9e8de78 -> 
  custom:audio-decoder-ogg-vorbis: bf7c407c2cedff20999df2af8eb42d56 -> 
  custom:audio-encoder-webm-vorbis: bf7c407c2cedff20999df2af8eb42d56 -> 
========================================================================
Received Import Request.
  Time since last request: 9.655042 seconds.
  path: Assets/Prefabs/Ruby.prefab
  artifactKey: Guid(ca847ffa7878845aa9abfdce3b8435a6) Importer(815301076,1909f56bfc062723c751e8b465ee728b)
Start importing Assets/Prefabs/Ruby.prefab using Guid(ca847ffa7878845aa9abfdce3b8435a6) Importer(815301076,1909f56bfc062723c751e8b465ee728b)  -> (artifact id: 'dbcdf782650bf88a7e8906f125260e54') in 0.049808 seconds 
  Import took 0.052556 seconds .

========================================================================
Received Import Request.
  Time since last request: 2.731635 seconds.
  path: Assets/Prefabs/Ruby.prefab
  artifactKey: Guid(ca847ffa7878845aa9abfdce3b8435a6) Importer(815301076,1909f56bfc062723c751e8b465ee728b)
Start importing Assets/Prefabs/Ruby.prefab using Guid(ca847ffa7878845aa9abfdce3b8435a6) Importer(815301076,1909f56bfc062723c751e8b465ee728b)  -> (artifact id: '7cf3d8623302d597fd19779db9bd7649') in 0.014110 seconds 
  Import took 0.017404 seconds .

========================================================================
Received Prepare
Registering precompiled user dll's ...
Registered in 0.001829 seconds.
Begin MonoManager ReloadAssembly
Native extension for OSXStandalone target not found
Refreshing native plugins compatible for Editor in 0.33 ms, found 2 plugins.
Preloading 0 native plugins for Editor in 0.00 ms.
Mono: successfully reloaded assembly
- Completed reload, in  1.011 seconds
Domain Reload Profiling:
	ReloadAssembly (1012ms)
		BeginReloadAssembly (113ms)
			ExecutionOrderSort (0ms)
			DisableScriptedObjects (6ms)
			BackupInstance (0ms)
			ReleaseScriptingObjects (0ms)
			CreateAndSetChildDomain (55ms)
		EndReloadAssembly (839ms)
			LoadAssemblies (68ms)
			RebuildTransferFunctionScriptingTraits (0ms)
			SetupTypeCache (317ms)
			ReleaseScriptCaches (1ms)
			RebuildScriptCaches (47ms)
			SetupLoadedEditorAssemblies (293ms)
				LogAssemblyErrors (0ms)
				InitializePlatformSupportModulesInManaged (4ms)
				SetLoadedEditorAssemblies (0ms)
				RefreshPlugins (0ms)
				BeforeProcessingInitializeOnLoad (85ms)
				ProcessInitializeOnLoadAttributes (191ms)
				ProcessInitializeOnLoadMethodAttributes (11ms)
				AfterProcessingInitializeOnLoad (1ms)
				EditorAssembliesLoaded (0ms)
			ExecutionOrderSort2 (0ms)
			AwakeInstancesAfterBackupRestoration (7ms)
Platform modules already initialized, skipping
Refreshing native plugins compatible for Editor in 0.32 ms, found 2 plugins.
Preloading 0 native plugins for Editor in 0.00 ms.
Unloading 1585 Unused Serialized files (Serialized files now loaded: 0)
System memory in use before: 204.0 MB.
System memory in use after: 204.1 MB.

Unloading 14 unused Assets to reduce memory usage. Loaded Objects now: 2086.
Total: 2.269535 ms (FindLiveObjects: 0.122645 ms CreateObjectMapping: 0.038073 ms MarkObjects: 2.096310 ms  DeleteObjects: 0.011855 ms)

AssetImportParameters requested are different than current active one (requested -> active):
  custom:video-decoder-ogg-theora: a1e56fd34408186e4bbccfd4996cb3dc -> 
  custom:container-muxer-webm: aa71ff27fc2769a1b78a27578f13a17b -> 
  custom:container-demuxer-webm: 4f35f7cbe854078d1ac9338744f61a02 -> 
  custom:container-demuxer-ogg: 62fdf1f143b41e24485cea50d1cbac27 -> 
  custom:video-encoder-webm-vp8: eb34c28f22e8b96e1ab97ce403110664 -> 
  custom:framework-osx-AVFoundation: e770b220cccbd017edd2c1fefb359320 -> 
  custom:video-decoder-webm-vp8: 9c59270c3fd7afecdb556c50c9e8de78 -> 
  custom:audio-decoder-ogg-vorbis: bf7c407c2cedff20999df2af8eb42d56 -> 
  custom:audio-encoder-webm-vorbis: bf7c407c2cedff20999df2af8eb42d56 -> 
========================================================================
Received Prepare
Registering precompiled user dll's ...
Registered in 0.003151 seconds.
Begin MonoManager ReloadAssembly
Native extension for OSXStandalone target not found
Refreshing native plugins compatible for Editor in 0.33 ms, found 2 plugins.
Preloading 0 native plugins for Editor in 0.00 ms.
Mono: successfully reloaded assembly
- Completed reload, in  0.986 seconds
Domain Reload Profiling:
	ReloadAssembly (986ms)
		BeginReloadAssembly (105ms)
			ExecutionOrderSort (0ms)
			DisableScriptedObjects (5ms)
			BackupInstance (0ms)
			ReleaseScriptingObjects (0ms)
			CreateAndSetChildDomain (48ms)
		EndReloadAssembly (824ms)
			LoadAssemblies (67ms)
			RebuildTransferFunctionScriptingTraits (0ms)
			SetupTypeCache (304ms)
			ReleaseScriptCaches (1ms)
			RebuildScriptCaches (45ms)
			SetupLoadedEditorAssemblies (293ms)
				LogAssemblyErrors (0ms)
				InitializePlatformSupportModulesInManaged (4ms)
				SetLoadedEditorAssemblies (0ms)
				RefreshPlugins (0ms)
				BeforeProcessingInitializeOnLoad (84ms)
				ProcessInitializeOnLoadAttributes (191ms)
				ProcessInitializeOnLoadMethodAttributes (11ms)
				AfterProcessingInitializeOnLoad (1ms)
				EditorAssembliesLoaded (0ms)
			ExecutionOrderSort2 (0ms)
			AwakeInstancesAfterBackupRestoration (7ms)
Platform modules already initialized, skipping
Refreshing native plugins compatible for Editor in 0.32 ms, found 2 plugins.
Preloading 0 native plugins for Editor in 0.00 ms.
Unloading 1585 Unused Serialized files (Serialized files now loaded: 0)
System memory in use before: 204.1 MB.
System memory in use after: 204.2 MB.

Unloading 14 unused Assets to reduce memory usage. Loaded Objects now: 2088.
Total: 2.306270 ms (FindLiveObjects: 0.133150 ms CreateObjectMapping: 0.039416 ms MarkObjects: 2.122437 ms  DeleteObjects: 0.010644 ms)

AssetImportParameters requested are different than current active one (requested -> active):
  custom:video-decoder-ogg-theora: a1e56fd34408186e4bbccfd4996cb3dc -> 
  custom:container-muxer-webm: aa71ff27fc2769a1b78a27578f13a17b -> 
  custom:container-demuxer-webm: 4f35f7cbe854078d1ac9338744f61a02 -> 
  custom:container-demuxer-ogg: 62fdf1f143b41e24485cea50d1cbac27 -> 
  custom:video-encoder-webm-vp8: eb34c28f22e8b96e1ab97ce403110664 -> 
  custom:framework-osx-AVFoundation: e770b220cccbd017edd2c1fefb359320 -> 
  custom:video-decoder-webm-vp8: 9c59270c3fd7afecdb556c50c9e8de78 -> 
  custom:audio-decoder-ogg-vorbis: bf7c407c2cedff20999df2af8eb42d56 -> 
  custom:audio-encoder-webm-vorbis: bf7c407c2cedff20999df2af8eb42d56 -> 
========================================================================
Received Import Request.
  Time since last request: 280.303901 seconds.
  path: Assets/Prefabs/CogBullet.prefab
  artifactKey: Guid(7d724b7fa0ffe40288850c6745d8c480) Importer(815301076,1909f56bfc062723c751e8b465ee728b)
Start importing Assets/Prefabs/CogBullet.prefab using Guid(7d724b7fa0ffe40288850c6745d8c480) Importer(815301076,1909f56bfc062723c751e8b465ee728b)  -> (artifact id: '477871051964893e8bf2c068bb4964d6') in 0.049007 seconds 
  Import took 0.051984 seconds .

========================================================================
Received Import Request.
  Time since last request: 22.316752 seconds.
  path: Assets/Prefabs/CogBullet.prefab
  artifactKey: Guid(7d724b7fa0ffe40288850c6745d8c480) Importer(815301076,1909f56bfc062723c751e8b465ee728b)
Start importing Assets/Prefabs/CogBullet.prefab using Guid(7d724b7fa0ffe40288850c6745d8c480) Importer(815301076,1909f56bfc062723c751e8b465ee728b)  -> (artifact id: 'a1e5bb9219eb4619752ae047023f83ff') in 0.008135 seconds 
  Import took 0.011154 seconds .

========================================================================
Received Import Request.
  Time since last request: 116.128030 seconds.
  path: Assets/Art/Sprites/VFX/CogBullet.png
  artifactKey: Guid(c3bae526786f11046bdd2a781392a458) Importer(815301076,1909f56bfc062723c751e8b465ee728b)
Start importing Assets/Art/Sprites/VFX/CogBullet.png using Guid(c3bae526786f11046bdd2a781392a458) Importer(815301076,1909f56bfc062723c751e8b465ee728b)  -> (artifact id: '2d4f621361e00e5c3aa5288f91628e09') in 0.024906 seconds 
  Import took 0.028085 seconds .

========================================================================
Received Prepare
Registering precompiled user dll's ...
Registered in 0.003043 seconds.
Begin MonoManager ReloadAssembly
Native extension for OSXStandalone target not found
Refreshing native plugins compatible for Editor in 0.33 ms, found 2 plugins.
Preloading 0 native plugins for Editor in 0.00 ms.
Mono: successfully reloaded assembly
- Completed reload, in  0.984 seconds
Domain Reload Profiling:
	ReloadAssembly (984ms)
		BeginReloadAssembly (110ms)
			ExecutionOrderSort (0ms)
			DisableScriptedObjects (5ms)
			BackupInstance (0ms)
			ReleaseScriptingObjects (0ms)
			CreateAndSetChildDomain (53ms)
		EndReloadAssembly (814ms)
			LoadAssemblies (67ms)
			RebuildTransferFunctionScriptingTraits (0ms)
			SetupTypeCache (300ms)
			ReleaseScriptCaches (1ms)
			RebuildScriptCaches (45ms)
			SetupLoadedEditorAssemblies (290ms)
				LogAssemblyErrors (0ms)
				InitializePlatformSupportModulesInManaged (4ms)
				SetLoadedEditorAssemblies (0ms)
				RefreshPlugins (0ms)
				BeforeProcessingInitializeOnLoad (87ms)
				ProcessInitializeOnLoadAttributes (186ms)
				ProcessInitializeOnLoadMethodAttributes (11ms)
				AfterProcessingInitializeOnLoad (1ms)
				EditorAssembliesLoaded (0ms)
			ExecutionOrderSort2 (0ms)
			AwakeInstancesAfterBackupRestoration (7ms)
Platform modules already initialized, skipping
Refreshing native plugins compatible for Editor in 0.33 ms, found 2 plugins.
Preloading 0 native plugins for Editor in 0.00 ms.
Unloading 1585 Unused Serialized files (Serialized files now loaded: 0)
System memory in use before: 204.3 MB.
System memory in use after: 204.4 MB.

Unloading 14 unused Assets to reduce memory usage. Loaded Objects now: 2093.
Total: 2.651312 ms (FindLiveObjects: 0.122700 ms CreateObjectMapping: 0.045763 ms MarkObjects: 2.470131 ms  DeleteObjects: 0.011987 ms)

AssetImportParameters requested are different than current active one (requested -> active):
  custom:video-decoder-ogg-theora: a1e56fd34408186e4bbccfd4996cb3dc -> 
  custom:container-muxer-webm: aa71ff27fc2769a1b78a27578f13a17b -> 
  custom:container-demuxer-webm: 4f35f7cbe854078d1ac9338744f61a02 -> 
  custom:container-demuxer-ogg: 62fdf1f143b41e24485cea50d1cbac27 -> 
  custom:video-encoder-webm-vp8: eb34c28f22e8b96e1ab97ce403110664 -> 
  custom:framework-osx-AVFoundation: e770b220cccbd017edd2c1fefb359320 -> 
  custom:video-decoder-webm-vp8: 9c59270c3fd7afecdb556c50c9e8de78 -> 
  custom:audio-decoder-ogg-vorbis: bf7c407c2cedff20999df2af8eb42d56 -> 
  custom:audio-encoder-webm-vorbis: bf7c407c2cedff20999df2af8eb42d56 -> 
========================================================================
Received Import Request.
  Time since last request: 45.792845 seconds.
  path: Assets/Prefabs/CogBullet.prefab
  artifactKey: Guid(7d724b7fa0ffe40288850c6745d8c480) Importer(815301076,1909f56bfc062723c751e8b465ee728b)
Start importing Assets/Prefabs/CogBullet.prefab using Guid(7d724b7fa0ffe40288850c6745d8c480) Importer(815301076,1909f56bfc062723c751e8b465ee728b)  -> (artifact id: 'f27a4664a75e9c9fc7ec622aa4e8b7fd') in 0.046188 seconds 
  Import took 0.049199 seconds .

========================================================================
Received Import Request.
  Time since last request: 125.094132 seconds.
  path: Assets/Prefabs/CogBullet.prefab
  artifactKey: Guid(7d724b7fa0ffe40288850c6745d8c480) Importer(815301076,1909f56bfc062723c751e8b465ee728b)
Start importing Assets/Prefabs/CogBullet.prefab using Guid(7d724b7fa0ffe40288850c6745d8c480) Importer(815301076,1909f56bfc062723c751e8b465ee728b)  -> (artifact id: '3bcf142cfbd8e51bcf6325cdeecc93e4') in 0.007373 seconds 
  Import took 0.010723 seconds .

========================================================================
Received Import Request.
  Time since last request: 147.761138 seconds.
  path: Assets/Scripts/Projectiles.cs
  artifactKey: Guid(15dae5cc184af4e7f84bde62040c7ddd) Importer(815301076,1909f56bfc062723c751e8b465ee728b)
Start importing Assets/Scripts/Projectiles.cs using Guid(15dae5cc184af4e7f84bde62040c7ddd) Importer(815301076,1909f56bfc062723c751e8b465ee728b)  -> (artifact id: 'fca911e52034214eb7e5e3bcdc39449c') in 0.003418 seconds 
  Import took 0.006049 seconds .

========================================================================
Received Prepare
Registering precompiled user dll's ...
Registered in 0.003072 seconds.
Begin MonoManager ReloadAssembly
Native extension for OSXStandalone target not found
Refreshing native plugins compatible for Editor in 0.37 ms, found 2 plugins.
Preloading 0 native plugins for Editor in 0.00 ms.
Mono: successfully reloaded assembly
- Completed reload, in  1.025 seconds
Domain Reload Profiling:
	ReloadAssembly (1025ms)
		BeginReloadAssembly (110ms)
			ExecutionOrderSort (0ms)
			DisableScriptedObjects (6ms)
			BackupInstance (0ms)
			ReleaseScriptingObjects (0ms)
			CreateAndSetChildDomain (54ms)
		EndReloadAssembly (852ms)
			LoadAssemblies (69ms)
			RebuildTransferFunctionScriptingTraits (0ms)
			SetupTypeCache (314ms)
			ReleaseScriptCaches (1ms)
			RebuildScriptCaches (45ms)
			SetupLoadedEditorAssemblies (309ms)
				LogAssemblyErrors (0ms)
				InitializePlatformSupportModulesInManaged (4ms)
				SetLoadedEditorAssemblies (0ms)
				RefreshPlugins (0ms)
				BeforeProcessingInitializeOnLoad (99ms)
				ProcessInitializeOnLoadAttributes (192ms)
				ProcessInitializeOnLoadMethodAttributes (11ms)
				AfterProcessingInitializeOnLoad (1ms)
				EditorAssembliesLoaded (0ms)
			ExecutionOrderSort2 (0ms)
			AwakeInstancesAfterBackupRestoration (7ms)
Platform modules already initialized, skipping
Refreshing native plugins compatible for Editor in 0.33 ms, found 2 plugins.
Preloading 0 native plugins for Editor in 0.00 ms.
Unloading 1586 Unused Serialized files (Serialized files now loaded: 0)
System memory in use before: 204.5 MB.
System memory in use after: 204.6 MB.

Unloading 14 unused Assets to reduce memory usage. Loaded Objects now: 2097.
Total: 2.383125 ms (FindLiveObjects: 0.126579 ms CreateObjectMapping: 0.045113 ms MarkObjects: 2.198803 ms  DeleteObjects: 0.011989 ms)

AssetImportParameters requested are different than current active one (requested -> active):
  custom:video-decoder-ogg-theora: a1e56fd34408186e4bbccfd4996cb3dc -> 
  custom:container-muxer-webm: aa71ff27fc2769a1b78a27578f13a17b -> 
  custom:container-demuxer-webm: 4f35f7cbe854078d1ac9338744f61a02 -> 
  custom:container-demuxer-ogg: 62fdf1f143b41e24485cea50d1cbac27 -> 
  custom:video-encoder-webm-vp8: eb34c28f22e8b96e1ab97ce403110664 -> 
  custom:framework-osx-AVFoundation: e770b220cccbd017edd2c1fefb359320 -> 
  custom:video-decoder-webm-vp8: 9c59270c3fd7afecdb556c50c9e8de78 -> 
  custom:audio-decoder-ogg-vorbis: bf7c407c2cedff20999df2af8eb42d56 -> 
  custom:audio-encoder-webm-vorbis: bf7c407c2cedff20999df2af8eb42d56 -> 
========================================================================
Received Import Request.
  Time since last request: 455.308056 seconds.
  path: Assets/Scripts/Projectiles.cs
  artifactKey: Guid(15dae5cc184af4e7f84bde62040c7ddd) Importer(815301076,1909f56bfc062723c751e8b465ee728b)
Start importing Assets/Scripts/Projectiles.cs using Guid(15dae5cc184af4e7f84bde62040c7ddd) Importer(815301076,1909f56bfc062723c751e8b465ee728b)  -> (artifact id: 'b62992bba0092564a10de24862b95ffa') in 0.003803 seconds 
  Import took 0.006709 seconds .

========================================================================
Received Import Request.
  Time since last request: 0.017065 seconds.
  path: Assets/Scripts/RubyController.cs
  artifactKey: Guid(f74d6b70b4ab2480c8e9b22c1a42d163) Importer(815301076,1909f56bfc062723c751e8b465ee728b)
Start importing Assets/Scripts/RubyController.cs using Guid(f74d6b70b4ab2480c8e9b22c1a42d163) Importer(815301076,1909f56bfc062723c751e8b465ee728b)  -> (artifact id: '3ae879d5c264dedde66972be1da40230') in 0.001641 seconds 
  Import took 0.004041 seconds .

========================================================================
Received Import Request.
  Time since last request: 55.684828 seconds.
  path: ProjectSettings/TagManager.asset
  artifactKey: Guid(00000000000000003000000000000000) Importer(815301076,1909f56bfc062723c751e8b465ee728b)
Start importing ProjectSettings/TagManager.asset using Guid(00000000000000003000000000000000) Importer(815301076,1909f56bfc062723c751e8b465ee728b)  -> (artifact id: 'ce6a35c3cddc746e7501c0bd0ed6d4ce') in 0.131270 seconds 
  Import took 0.136341 seconds .

========================================================================
Received Import Request.
  Time since last request: 102.287991 seconds.
  path: Assets/Prefabs/Ruby.prefab
  artifactKey: Guid(ca847ffa7878845aa9abfdce3b8435a6) Importer(815301076,1909f56bfc062723c751e8b465ee728b)
Start importing Assets/Prefabs/Ruby.prefab using Guid(ca847ffa7878845aa9abfdce3b8435a6) Importer(815301076,1909f56bfc062723c751e8b465ee728b)  -> (artifact id: '634517868d6e05e977b5f08b0038dbeb') in 0.051267 seconds 
  Import took 0.054614 seconds .

========================================================================
Received Import Request.
  Time since last request: 141.951640 seconds.
  path: Assets/Prefabs/CogBullet.prefab
  artifactKey: Guid(7d724b7fa0ffe40288850c6745d8c480) Importer(815301076,1909f56bfc062723c751e8b465ee728b)
Start importing Assets/Prefabs/CogBullet.prefab using Guid(7d724b7fa0ffe40288850c6745d8c480) Importer(815301076,1909f56bfc062723c751e8b465ee728b)  -> (artifact id: 'c0c1ae2d330fb01acc0b001deb7dc0e1') in 0.010722 seconds 
  Import took 0.013923 seconds .

========================================================================
Received Import Request.
  Time since last request: 210.619143 seconds.
  path: Assets/Scripts/EnemyController.cs
  artifactKey: Guid(9e017f944879e4b3c98cf9401a74e295) Importer(815301076,1909f56bfc062723c751e8b465ee728b)
Start importing Assets/Scripts/EnemyController.cs using Guid(9e017f944879e4b3c98cf9401a74e295) Importer(815301076,1909f56bfc062723c751e8b465ee728b)  -> (artifact id: '953106db5f20a1a0736acc9aca69512b') in 0.003456 seconds 
  Import took 0.006233 seconds .

========================================================================
Received Prepare
Registering precompiled user dll's ...
Registered in 0.003506 seconds.
Begin MonoManager ReloadAssembly
Native extension for OSXStandalone target not found
Refreshing native plugins compatible for Editor in 0.33 ms, found 2 plugins.
Preloading 0 native plugins for Editor in 0.00 ms.
Mono: successfully reloaded assembly
- Completed reload, in  0.993 seconds
Domain Reload Profiling:
	ReloadAssembly (993ms)
		BeginReloadAssembly (117ms)
			ExecutionOrderSort (0ms)
			DisableScriptedObjects (5ms)
			BackupInstance (0ms)
			ReleaseScriptingObjects (0ms)
			CreateAndSetChildDomain (58ms)
		EndReloadAssembly (816ms)
			LoadAssemblies (70ms)
			RebuildTransferFunctionScriptingTraits (0ms)
			SetupTypeCache (299ms)
			ReleaseScriptCaches (1ms)
			RebuildScriptCaches (44ms)
			SetupLoadedEditorAssemblies (294ms)
				LogAssemblyErrors (0ms)
				InitializePlatformSupportModulesInManaged (4ms)
				SetLoadedEditorAssemblies (0ms)
				RefreshPlugins (0ms)
				BeforeProcessingInitializeOnLoad (85ms)
				ProcessInitializeOnLoadAttributes (192ms)
				ProcessInitializeOnLoadMethodAttributes (11ms)
				AfterProcessingInitializeOnLoad (1ms)
				EditorAssembliesLoaded (0ms)
			ExecutionOrderSort2 (0ms)
			AwakeInstancesAfterBackupRestoration (7ms)
Platform modules already initialized, skipping
Refreshing native plugins compatible for Editor in 0.35 ms, found 2 plugins.
Preloading 0 native plugins for Editor in 0.00 ms.
Unloading 1586 Unused Serialized files (Serialized files now loaded: 0)
System memory in use before: 208.8 MB.
System memory in use after: 208.9 MB.

Unloading 15 unused Assets to reduce memory usage. Loaded Objects now: 2100.
Total: 2.316565 ms (FindLiveObjects: 0.123975 ms CreateObjectMapping: 0.042748 ms MarkObjects: 2.137344 ms  DeleteObjects: 0.011837 ms)

AssetImportParameters requested are different than current active one (requested -> active):
  custom:video-decoder-ogg-theora: a1e56fd34408186e4bbccfd4996cb3dc -> 
  custom:container-muxer-webm: aa71ff27fc2769a1b78a27578f13a17b -> 
  custom:container-demuxer-webm: 4f35f7cbe854078d1ac9338744f61a02 -> 
  custom:container-demuxer-ogg: 62fdf1f143b41e24485cea50d1cbac27 -> 
  custom:video-encoder-webm-vp8: eb34c28f22e8b96e1ab97ce403110664 -> 
  custom:framework-osx-AVFoundation: e770b220cccbd017edd2c1fefb359320 -> 
  custom:video-decoder-webm-vp8: 9c59270c3fd7afecdb556c50c9e8de78 -> 
  custom:audio-decoder-ogg-vorbis: bf7c407c2cedff20999df2af8eb42d56 -> 
  custom:audio-encoder-webm-vorbis: bf7c407c2cedff20999df2af8eb42d56 -> 
========================================================================
Received Import Request.
  Time since last request: 70.014711 seconds.
  path: Assets/Scripts/EnemyController.cs
  artifactKey: Guid(9e017f944879e4b3c98cf9401a74e295) Importer(815301076,1909f56bfc062723c751e8b465ee728b)
Start importing Assets/Scripts/EnemyController.cs using Guid(9e017f944879e4b3c98cf9401a74e295) Importer(815301076,1909f56bfc062723c751e8b465ee728b)  -> (artifact id: '8ff2f8cf995aea6580ebe9468d238ff2') in 0.005911 seconds 
  Import took 0.008864 seconds .

========================================================================
Received Import Request.
  Time since last request: 29.734840 seconds.
  path: Assets/Prefabs/Ruby.prefab
  artifactKey: Guid(ca847ffa7878845aa9abfdce3b8435a6) Importer(815301076,1909f56bfc062723c751e8b465ee728b)
Start importing Assets/Prefabs/Ruby.prefab using Guid(ca847ffa7878845aa9abfdce3b8435a6) Importer(815301076,1909f56bfc062723c751e8b465ee728b)  -> (artifact id: '0b8d1c11dd2e6a862972a9c018b87868') in 0.056370 seconds 
  Import took 0.059599 seconds .

========================================================================
Received Prepare
Registering precompiled user dll's ...
Registered in 0.002055 seconds.
Begin MonoManager ReloadAssembly
Native extension for OSXStandalone target not found
Refreshing native plugins compatible for Editor in 0.33 ms, found 2 plugins.
Preloading 0 native plugins for Editor in 0.00 ms.
Mono: successfully reloaded assembly
- Completed reload, in  0.991 seconds
Domain Reload Profiling:
	ReloadAssembly (991ms)
		BeginReloadAssembly (113ms)
			ExecutionOrderSort (0ms)
			DisableScriptedObjects (6ms)
			BackupInstance (0ms)
			ReleaseScriptingObjects (0ms)
			CreateAndSetChildDomain (55ms)
		EndReloadAssembly (817ms)
			LoadAssemblies (67ms)
			RebuildTransferFunctionScriptingTraits (0ms)
			SetupTypeCache (304ms)
			ReleaseScriptCaches (1ms)
			RebuildScriptCaches (44ms)
			SetupLoadedEditorAssemblies (292ms)
				LogAssemblyErrors (0ms)
				InitializePlatformSupportModulesInManaged (4ms)
				SetLoadedEditorAssemblies (0ms)
				RefreshPlugins (0ms)
				BeforeProcessingInitializeOnLoad (83ms)
				ProcessInitializeOnLoadAttributes (191ms)
				ProcessInitializeOnLoadMethodAttributes (11ms)
				AfterProcessingInitializeOnLoad (1ms)
				EditorAssembliesLoaded (0ms)
			ExecutionOrderSort2 (0ms)
			AwakeInstancesAfterBackupRestoration (7ms)
Platform modules already initialized, skipping
Refreshing native plugins compatible for Editor in 0.31 ms, found 2 plugins.
Preloading 0 native plugins for Editor in 0.00 ms.
Unloading 1586 Unused Serialized files (Serialized files now loaded: 0)
System memory in use before: 209.0 MB.
System memory in use after: 209.1 MB.

Unloading 14 unused Assets to reduce memory usage. Loaded Objects now: 2103.
Total: 2.347455 ms (FindLiveObjects: 0.138161 ms CreateObjectMapping: 0.043878 ms MarkObjects: 2.153155 ms  DeleteObjects: 0.011608 ms)

AssetImportParameters requested are different than current active one (requested -> active):
  custom:video-decoder-ogg-theora: a1e56fd34408186e4bbccfd4996cb3dc -> 
  custom:container-muxer-webm: aa71ff27fc2769a1b78a27578f13a17b -> 
  custom:container-demuxer-webm: 4f35f7cbe854078d1ac9338744f61a02 -> 
  custom:container-demuxer-ogg: 62fdf1f143b41e24485cea50d1cbac27 -> 
  custom:video-encoder-webm-vp8: eb34c28f22e8b96e1ab97ce403110664 -> 
  custom:framework-osx-AVFoundation: e770b220cccbd017edd2c1fefb359320 -> 
  custom:video-decoder-webm-vp8: 9c59270c3fd7afecdb556c50c9e8de78 -> 
  custom:audio-decoder-ogg-vorbis: bf7c407c2cedff20999df2af8eb42d56 -> 
  custom:audio-encoder-webm-vorbis: bf7c407c2cedff20999df2af8eb42d56 -> 
========================================================================
Received Import Request.
  Time since last request: 53.424624 seconds.
  path: Assets/Scripts/Projectile.cs
  artifactKey: Guid(15dae5cc184af4e7f84bde62040c7ddd) Importer(815301076,1909f56bfc062723c751e8b465ee728b)
Start importing Assets/Scripts/Projectile.cs using Guid(15dae5cc184af4e7f84bde62040c7ddd) Importer(815301076,1909f56bfc062723c751e8b465ee728b)  -> (artifact id: '77584a6599a8e0e2ab61ff3550238568') in 0.005747 seconds 
  Import took 0.008554 seconds .

========================================================================
Received Prepare
Registering precompiled user dll's ...
Registered in 0.002378 seconds.
Begin MonoManager ReloadAssembly
Native extension for OSXStandalone target not found
Refreshing native plugins compatible for Editor in 0.33 ms, found 2 plugins.
Preloading 0 native plugins for Editor in 0.00 ms.
Mono: successfully reloaded assembly
- Completed reload, in  0.998 seconds
Domain Reload Profiling:
	ReloadAssembly (998ms)
		BeginReloadAssembly (107ms)
			ExecutionOrderSort (0ms)
			DisableScriptedObjects (6ms)
			BackupInstance (0ms)
			ReleaseScriptingObjects (0ms)
			CreateAndSetChildDomain (50ms)
		EndReloadAssembly (831ms)
			LoadAssemblies (69ms)
			RebuildTransferFunctionScriptingTraits (0ms)
			SetupTypeCache (314ms)
			ReleaseScriptCaches (1ms)
			RebuildScriptCaches (47ms)
			SetupLoadedEditorAssemblies (287ms)
				LogAssemblyErrors (0ms)
				InitializePlatformSupportModulesInManaged (4ms)
				SetLoadedEditorAssemblies (0ms)
				RefreshPlugins (0ms)
				BeforeProcessingInitializeOnLoad (81ms)
				ProcessInitializeOnLoadAttributes (189ms)
				ProcessInitializeOnLoadMethodAttributes (11ms)
				AfterProcessingInitializeOnLoad (1ms)
				EditorAssembliesLoaded (0ms)
			ExecutionOrderSort2 (0ms)
			AwakeInstancesAfterBackupRestoration (7ms)
Platform modules already initialized, skipping
Refreshing native plugins compatible for Editor in 0.33 ms, found 2 plugins.
Preloading 0 native plugins for Editor in 0.00 ms.
Unloading 1586 Unused Serialized files (Serialized files now loaded: 0)
System memory in use before: 209.2 MB.
System memory in use after: 209.3 MB.

Unloading 14 unused Assets to reduce memory usage. Loaded Objects now: 2105.
Total: 2.262027 ms (FindLiveObjects: 0.124485 ms CreateObjectMapping: 0.045112 ms MarkObjects: 2.080917 ms  DeleteObjects: 0.010855 ms)

AssetImportParameters requested are different than current active one (requested -> active):
  custom:video-decoder-ogg-theora: a1e56fd34408186e4bbccfd4996cb3dc -> 
  custom:container-muxer-webm: aa71ff27fc2769a1b78a27578f13a17b -> 
  custom:container-demuxer-webm: 4f35f7cbe854078d1ac9338744f61a02 -> 
  custom:container-demuxer-ogg: 62fdf1f143b41e24485cea50d1cbac27 -> 
  custom:video-encoder-webm-vp8: eb34c28f22e8b96e1ab97ce403110664 -> 
  custom:framework-osx-AVFoundation: e770b220cccbd017edd2c1fefb359320 -> 
  custom:video-decoder-webm-vp8: 9c59270c3fd7afecdb556c50c9e8de78 -> 
  custom:audio-decoder-ogg-vorbis: bf7c407c2cedff20999df2af8eb42d56 -> 
  custom:audio-encoder-webm-vorbis: bf7c407c2cedff20999df2af8eb42d56 -> 
========================================================================
Received Import Request.
  Time since last request: 20.768843 seconds.
  path: Assets/Prefabs/CogBullet.prefab
  artifactKey: Guid(7d724b7fa0ffe40288850c6745d8c480) Importer(815301076,1909f56bfc062723c751e8b465ee728b)
Start importing Assets/Prefabs/CogBullet.prefab using Guid(7d724b7fa0ffe40288850c6745d8c480) Importer(815301076,1909f56bfc062723c751e8b465ee728b)  -> (artifact id: '1b8f9112d345eb84fa690437f0682e0b') in 0.051734 seconds 
  Import took 0.054661 seconds .

========================================================================
Received Prepare
Registering precompiled user dll's ...
Registered in 0.002876 seconds.
Begin MonoManager ReloadAssembly
Native extension for OSXStandalone target not found
Refreshing native plugins compatible for Editor in 0.33 ms, found 2 plugins.
Preloading 0 native plugins for Editor in 0.00 ms.
Mono: successfully reloaded assembly
- Completed reload, in  1.022 seconds
Domain Reload Profiling:
	ReloadAssembly (1022ms)
		BeginReloadAssembly (116ms)
			ExecutionOrderSort (0ms)
			DisableScriptedObjects (6ms)
			BackupInstance (0ms)
			ReleaseScriptingObjects (0ms)
			CreateAndSetChildDomain (58ms)
		EndReloadAssembly (843ms)
			LoadAssemblies (70ms)
			RebuildTransferFunctionScriptingTraits (0ms)
			SetupTypeCache (313ms)
			ReleaseScriptCaches (1ms)
			RebuildScriptCaches (47ms)
			SetupLoadedEditorAssemblies (298ms)
				LogAssemblyErrors (0ms)
				InitializePlatformSupportModulesInManaged (4ms)
				SetLoadedEditorAssemblies (1ms)
				RefreshPlugins (0ms)
				BeforeProcessingInitializeOnLoad (85ms)
				ProcessInitializeOnLoadAttributes (195ms)
				ProcessInitializeOnLoadMethodAttributes (11ms)
				AfterProcessingInitializeOnLoad (1ms)
				EditorAssembliesLoaded (0ms)
			ExecutionOrderSort2 (0ms)
			AwakeInstancesAfterBackupRestoration (7ms)
Platform modules already initialized, skipping
Refreshing native plugins compatible for Editor in 0.33 ms, found 2 plugins.
Preloading 0 native plugins for Editor in 0.00 ms.
Unloading 1586 Unused Serialized files (Serialized files now loaded: 0)
System memory in use before: 209.4 MB.
System memory in use after: 209.5 MB.

Unloading 14 unused Assets to reduce memory usage. Loaded Objects now: 2108.
Total: 2.522548 ms (FindLiveObjects: 0.164043 ms CreateObjectMapping: 0.052964 ms MarkObjects: 2.292468 ms  DeleteObjects: 0.012157 ms)

AssetImportParameters requested are different than current active one (requested -> active):
  custom:video-decoder-ogg-theora: a1e56fd34408186e4bbccfd4996cb3dc -> 
  custom:container-muxer-webm: aa71ff27fc2769a1b78a27578f13a17b -> 
  custom:container-demuxer-webm: 4f35f7cbe854078d1ac9338744f61a02 -> 
  custom:container-demuxer-ogg: 62fdf1f143b41e24485cea50d1cbac27 -> 
  custom:video-encoder-webm-vp8: eb34c28f22e8b96e1ab97ce403110664 -> 
  custom:framework-osx-AVFoundation: e770b220cccbd017edd2c1fefb359320 -> 
  custom:video-decoder-webm-vp8: 9c59270c3fd7afecdb556c50c9e8de78 -> 
  custom:audio-decoder-ogg-vorbis: bf7c407c2cedff20999df2af8eb42d56 -> 
  custom:audio-encoder-webm-vorbis: bf7c407c2cedff20999df2af8eb42d56 -> 
========================================================================
Received Import Request.
  Time since last request: 83.559124 seconds.
  path: Assets/Art/Animations/robot.controller
  artifactKey: Guid(c33f625f58df24cca94eaf53dd3c83a5) Importer(815301076,1909f56bfc062723c751e8b465ee728b)
Start importing Assets/Art/Animations/robot.controller using Guid(c33f625f58df24cca94eaf53dd3c83a5) Importer(815301076,1909f56bfc062723c751e8b465ee728b)  -> (artifact id: '59c73ba471c4817310e51c9cf6316c7c') in 0.017623 seconds 
  Import took 0.020694 seconds .

========================================================================
Received Import Request.
  Time since last request: 30.559605 seconds.
  path: Assets/Art/Animations/AnimationClips/robot fixed.anim
  artifactKey: Guid(ebbba69d186bc43f2aff8125bf298701) Importer(815301076,1909f56bfc062723c751e8b465ee728b)
Start importing Assets/Art/Animations/AnimationClips/robot fixed.anim using Guid(ebbba69d186bc43f2aff8125bf298701) Importer(815301076,1909f56bfc062723c751e8b465ee728b)  -> (artifact id: 'a787a4378d672a5a1cf124bb1f696dc7') in 0.004396 seconds 
  Import took 0.007408 seconds .

========================================================================
Received Prepare
Registering precompiled user dll's ...
Registered in 0.003039 seconds.
Begin MonoManager ReloadAssembly
Native extension for OSXStandalone target not found
Refreshing native plugins compatible for Editor in 0.33 ms, found 2 plugins.
Preloading 0 native plugins for Editor in 0.00 ms.
Mono: successfully reloaded assembly
- Completed reload, in  1.030 seconds
Domain Reload Profiling:
	ReloadAssembly (1031ms)
		BeginReloadAssembly (113ms)
			ExecutionOrderSort (0ms)
			DisableScriptedObjects (6ms)
			BackupInstance (0ms)
			ReleaseScriptingObjects (0ms)
			CreateAndSetChildDomain (55ms)
		EndReloadAssembly (856ms)
			LoadAssemblies (69ms)
			RebuildTransferFunctionScriptingTraits (0ms)
			SetupTypeCache (319ms)
			ReleaseScriptCaches (1ms)
			RebuildScriptCaches (48ms)
			SetupLoadedEditorAssemblies (304ms)
				LogAssemblyErrors (0ms)
				InitializePlatformSupportModulesInManaged (4ms)
				SetLoadedEditorAssemblies (0ms)
				RefreshPlugins (0ms)
				BeforeProcessingInitializeOnLoad (86ms)
				ProcessInitializeOnLoadAttributes (200ms)
				ProcessInitializeOnLoadMethodAttributes (11ms)
				AfterProcessingInitializeOnLoad (1ms)
				EditorAssembliesLoaded (0ms)
			ExecutionOrderSort2 (0ms)
			AwakeInstancesAfterBackupRestoration (7ms)
Platform modules already initialized, skipping
Refreshing native plugins compatible for Editor in 0.35 ms, found 2 plugins.
Preloading 0 native plugins for Editor in 0.00 ms.
Unloading 1586 Unused Serialized files (Serialized files now loaded: 0)
System memory in use before: 209.6 MB.
System memory in use after: 209.7 MB.

Unloading 14 unused Assets to reduce memory usage. Loaded Objects now: 2110.
Total: 2.326168 ms (FindLiveObjects: 0.130235 ms CreateObjectMapping: 0.045583 ms MarkObjects: 2.138436 ms  DeleteObjects: 0.011249 ms)

AssetImportParameters requested are different than current active one (requested -> active):
  custom:video-decoder-ogg-theora: a1e56fd34408186e4bbccfd4996cb3dc -> 
  custom:container-muxer-webm: aa71ff27fc2769a1b78a27578f13a17b -> 
  custom:container-demuxer-webm: 4f35f7cbe854078d1ac9338744f61a02 -> 
  custom:container-demuxer-ogg: 62fdf1f143b41e24485cea50d1cbac27 -> 
  custom:video-encoder-webm-vp8: eb34c28f22e8b96e1ab97ce403110664 -> 
  custom:framework-osx-AVFoundation: e770b220cccbd017edd2c1fefb359320 -> 
  custom:video-decoder-webm-vp8: 9c59270c3fd7afecdb556c50c9e8de78 -> 
  custom:audio-decoder-ogg-vorbis: bf7c407c2cedff20999df2af8eb42d56 -> 
  custom:audio-encoder-webm-vorbis: bf7c407c2cedff20999df2af8eb42d56 -> 
AssetImportWorkerClient::OnTransportError - code=2 error=End of file
